2025-12-05 12:32:28.766 [main] INFO  c.m.u.client.controller.ExportButtonEnableTest - 开始测试按钮启用条件
2025-12-05 12:32:28.827 [main] INFO  c.m.u.client.controller.ExportButtonEnableTest - 按钮启用条件测试通过 - 匹配记录: 3, 匹配成功记录: 1, 匹配但未上传: 2
2025-12-05 12:32:28.829 [main] INFO  c.m.u.client.controller.ExportButtonEnableTest - 开始测试无匹配记录场景
2025-12-05 12:32:28.829 [main] INFO  c.m.u.client.controller.ExportButtonEnableTest - 无匹配记录场景测试通过
2025-12-05 12:32:28.829 [main] INFO  c.m.u.client.controller.ExportButtonEnableTest - 开始测试匹配记录判断逻辑
2025-12-05 12:32:28.829 [main] INFO  c.m.u.client.controller.ExportButtonEnableTest - 匹配记录判断逻辑测试通过
2025-12-05 12:32:28.830 [main] INFO  c.m.u.client.controller.ExportButtonEnableTest - 开始测试导出筛选逻辑
2025-12-05 12:32:28.835 [main] INFO  c.m.u.client.controller.ExportButtonEnableTest - 导出筛选逻辑测试通过
2025-12-05 12:32:28.838 [main] INFO  c.mls.upload.client.controller.UploadProgressTest - 测试数据初始化完成，共 5 条记录
2025-12-05 12:32:28.838 [main] INFO  c.mls.upload.client.controller.UploadProgressTest - 开始测试Excel数据集成
2025-12-05 12:32:28.839 [main] INFO  c.mls.upload.client.controller.UploadProgressTest - Excel数据集成测试通过
2025-12-05 12:32:28.839 [main] INFO  c.mls.upload.client.controller.UploadProgressTest - 测试数据初始化完成，共 5 条记录
2025-12-05 12:32:28.839 [main] INFO  c.mls.upload.client.controller.UploadProgressTest - 开始测试状态更新序列
2025-12-05 12:32:28.839 [main] INFO  c.mls.upload.client.controller.UploadProgressTest - 状态更新序列测试通过
2025-12-05 12:32:28.841 [main] INFO  c.mls.upload.client.controller.UploadProgressTest - 测试数据初始化完成，共 5 条记录
2025-12-05 12:32:28.841 [main] INFO  c.mls.upload.client.controller.UploadProgressTest - 开始测试进度计算功能
2025-12-05 12:32:28.843 [main] INFO  c.mls.upload.client.controller.UploadProgressTest - 进度计算功能测试通过
2025-12-05 12:32:28.844 [main] INFO  c.mls.upload.client.controller.UploadProgressTest - 测试数据初始化完成，共 5 条记录
2025-12-05 12:32:28.844 [main] INFO  c.mls.upload.client.controller.UploadProgressTest - 开始测试实时更新模拟
2025-12-05 12:32:28.845 [main] DEBUG c.mls.upload.client.controller.UploadProgressTest - 处理第1个文件: 视觉进度=20.0%, 文本进度=上传进度: 1/5
2025-12-05 12:32:28.845 [main] DEBUG c.mls.upload.client.controller.UploadProgressTest - 处理第2个文件: 视觉进度=40.0%, 文本进度=上传进度: 2/5
2025-12-05 12:32:28.846 [main] DEBUG c.mls.upload.client.controller.UploadProgressTest - 处理第3个文件: 视觉进度=60.0%, 文本进度=上传进度: 3/5
2025-12-05 12:32:28.846 [main] DEBUG c.mls.upload.client.controller.UploadProgressTest - 处理第4个文件: 视觉进度=80.0%, 文本进度=上传进度: 3/5
2025-12-05 12:32:28.846 [main] DEBUG c.mls.upload.client.controller.UploadProgressTest - 处理第5个文件: 视觉进度=100.0%, 文本进度=上传进度: 3/5
2025-12-05 12:32:28.847 [main] INFO  c.mls.upload.client.controller.UploadProgressTest - 实时更新模拟测试通过
2025-12-05 12:32:28.848 [main] INFO  c.mls.upload.client.controller.UploadProgressTest - 测试数据初始化完成，共 5 条记录
2025-12-05 12:32:28.848 [main] INFO  c.mls.upload.client.controller.UploadProgressTest - 开始测试进度条文本格式
2025-12-05 12:32:28.848 [main] INFO  c.mls.upload.client.controller.UploadProgressTest - 进度条文本格式测试通过
2025-12-05 12:32:28.906 [main] INFO  com.mls.upload.client.util.ConfigUtil - 配置文件加载成功: application.properties
2025-12-05 12:32:30.424 [main] INFO  com.mls.upload.client.util.HttpUtil - HTTP工具类初始化完成，超时时间: 30000ms
2025-12-05 12:32:30.424 [main] INFO  com.mls.upload.client.service.AuthService - 认证服务初始化完成，服务器地址: http://192.168.0.79:8081
2025-12-05 12:32:30.428 [main] INFO  com.mls.upload.client.util.HttpUtil - HTTP工具类初始化完成，超时时间: 30000ms
2025-12-05 12:32:30.429 [main] INFO  com.mls.upload.client.service.FileUploadService - 文件上传服务初始化完成，线程池大小: 5
2025-12-05 12:32:30.429 [main] INFO  c.m.u.c.integration.BusinessFlowIntegrationTest - 集成测试环境初始化完成
2025-12-05 12:32:30.429 [main] INFO  c.m.u.c.integration.BusinessFlowIntegrationTest - 开始服务集成测试...
2025-12-05 12:32:30.429 [main] INFO  c.m.u.c.integration.BusinessFlowIntegrationTest - 服务集成测试完成
2025-12-05 12:32:30.433 [main] INFO  com.mls.upload.client.util.HttpUtil - HTTP工具类初始化完成，超时时间: 30000ms
2025-12-05 12:32:30.433 [main] INFO  com.mls.upload.client.service.AuthService - 认证服务初始化完成，服务器地址: http://192.168.0.79:8081
2025-12-05 12:32:30.436 [main] INFO  com.mls.upload.client.util.HttpUtil - HTTP工具类初始化完成，超时时间: 30000ms
2025-12-05 12:32:30.436 [main] INFO  com.mls.upload.client.service.FileUploadService - 文件上传服务初始化完成，线程池大小: 5
2025-12-05 12:32:30.436 [main] INFO  c.m.u.c.integration.BusinessFlowIntegrationTest - 集成测试环境初始化完成
2025-12-05 12:32:30.437 [main] INFO  c.m.u.c.integration.BusinessFlowIntegrationTest - 开始错误处理测试...
2025-12-05 12:32:30.437 [main] INFO  com.mls.upload.client.service.ExcelService - 开始解析Excel文件: non_existent_file.xlsx
2025-12-05 12:32:30.439 [main] ERROR com.mls.upload.client.service.ExcelService - Excel文件读取失败: non_existent_file.xlsx (系统找不到指定的文件。)
java.io.FileNotFoundException: non_existent_file.xlsx (系统找不到指定的文件。)
	at java.io.FileInputStream.open0(Native Method)
	at java.io.FileInputStream.open(FileInputStream.java:195)
	at java.io.FileInputStream.<init>(FileInputStream.java:138)
	at java.io.FileInputStream.<init>(FileInputStream.java:93)
	at com.mls.upload.client.service.ExcelService.parseExcelFile(ExcelService.java:61)
	at com.mls.upload.client.integration.BusinessFlowIntegrationTest.testErrorHandling(BusinessFlowIntegrationTest.java:88)
	at sun.reflect.NativeMethodAccessorImpl.invoke0(Native Method)
	at sun.reflect.NativeMethodAccessorImpl.invoke(NativeMethodAccessorImpl.java:62)
	at sun.reflect.DelegatingMethodAccessorImpl.invoke(DelegatingMethodAccessorImpl.java:43)
	at java.lang.reflect.Method.invoke(Method.java:498)
	at org.junit.runners.model.FrameworkMethod$1.runReflectiveCall(FrameworkMethod.java:59)
	at org.junit.internal.runners.model.ReflectiveCallable.run(ReflectiveCallable.java:12)
	at org.junit.runners.model.FrameworkMethod.invokeExplosively(FrameworkMethod.java:56)
	at org.junit.internal.runners.statements.InvokeMethod.evaluate(InvokeMethod.java:17)
	at org.junit.internal.runners.statements.RunBefores.evaluate(RunBefores.java:26)
	at org.junit.runners.ParentRunner$3.evaluate(ParentRunner.java:306)
	at org.junit.runners.BlockJUnit4ClassRunner$1.evaluate(BlockJUnit4ClassRunner.java:100)
	at org.junit.runners.ParentRunner.runLeaf(ParentRunner.java:366)
	at org.junit.runners.BlockJUnit4ClassRunner.runChild(BlockJUnit4ClassRunner.java:103)
	at org.junit.runners.BlockJUnit4ClassRunner.runChild(BlockJUnit4ClassRunner.java:63)
	at org.junit.runners.ParentRunner$4.run(ParentRunner.java:331)
	at org.junit.runners.ParentRunner$1.schedule(ParentRunner.java:79)
	at org.junit.runners.ParentRunner.runChildren(ParentRunner.java:329)
	at org.junit.runners.ParentRunner.access$100(ParentRunner.java:66)
	at org.junit.runners.ParentRunner$2.evaluate(ParentRunner.java:293)
	at org.junit.runners.ParentRunner$3.evaluate(ParentRunner.java:306)
	at org.junit.runners.ParentRunner.run(ParentRunner.java:413)
	at org.apache.maven.surefire.junit4.JUnit4Provider.execute(JUnit4Provider.java:365)
	at org.apache.maven.surefire.junit4.JUnit4Provider.executeWithRerun(JUnit4Provider.java:273)
	at org.apache.maven.surefire.junit4.JUnit4Provider.executeTestSet(JUnit4Provider.java:238)
	at org.apache.maven.surefire.junit4.JUnit4Provider.invoke(JUnit4Provider.java:159)
	at org.apache.maven.surefire.booter.ForkedBooter.invokeProviderInSameClassLoader(ForkedBooter.java:384)
	at org.apache.maven.surefire.booter.ForkedBooter.runSuitesInProcess(ForkedBooter.java:345)
	at org.apache.maven.surefire.booter.ForkedBooter.execute(ForkedBooter.java:126)
	at org.apache.maven.surefire.booter.ForkedBooter.main(ForkedBooter.java:418)
2025-12-05 12:32:30.442 [main] INFO  c.m.u.c.integration.BusinessFlowIntegrationTest - 无效文件路径测试通过: Excel文件读取失败: non_existent_file.xlsx (系统找不到指定的文件。)
2025-12-05 12:32:30.442 [main] INFO  com.mls.upload.client.service.ExcelService - 开始解析Excel文件: 
2025-12-05 12:32:30.442 [main] INFO  c.m.u.c.integration.BusinessFlowIntegrationTest - 空路径测试通过: Excel文件路径不能为空
2025-12-05 12:32:30.442 [main] INFO  com.mls.upload.client.service.ExcelService - 开始解析Excel文件: null
2025-12-05 12:32:30.442 [main] INFO  c.m.u.c.integration.BusinessFlowIntegrationTest - null路径测试通过: Excel文件路径不能为空
2025-12-05 12:32:30.442 [main] INFO  c.m.u.c.integration.BusinessFlowIntegrationTest - 错误处理测试完成
2025-12-05 12:32:30.445 [main] INFO  com.mls.upload.client.util.HttpUtil - HTTP工具类初始化完成，超时时间: 30000ms
2025-12-05 12:32:30.445 [main] INFO  com.mls.upload.client.service.AuthService - 认证服务初始化完成，服务器地址: http://192.168.0.79:8081
2025-12-05 12:32:30.448 [main] INFO  com.mls.upload.client.util.HttpUtil - HTTP工具类初始化完成，超时时间: 30000ms
2025-12-05 12:32:30.448 [main] INFO  com.mls.upload.client.service.FileUploadService - 文件上传服务初始化完成，线程池大小: 5
2025-12-05 12:32:30.448 [main] INFO  c.m.u.c.integration.BusinessFlowIntegrationTest - 集成测试环境初始化完成
2025-12-05 12:32:30.448 [main] INFO  c.m.u.c.integration.BusinessFlowIntegrationTest - 开始完整业务流程测试...
2025-12-05 12:32:30.448 [main] INFO  c.m.u.c.integration.BusinessFlowIntegrationTest - 步骤1: 测试服务器连接
2025-12-05 12:32:30.449 [main] INFO  com.mls.upload.client.service.AuthService - 测试服务器连接: http://192.168.0.79:8081
2025-12-05 12:32:30.449 [main] DEBUG com.mls.upload.client.util.HttpUtil - 发送GET请求: http://192.168.0.79:8081/api/auth/health
2025-12-05 12:32:51.542 [main] ERROR com.mls.upload.client.util.HttpUtil - GET请求异常: url=http://192.168.0.79:8081/api/auth/health, error=Failed to connect to /192.168.0.79:8081
java.net.ConnectException: Failed to connect to /192.168.0.79:8081
	at okhttp3.internal.connection.RealConnection.connectSocket(RealConnection.java:265)
	at okhttp3.internal.connection.RealConnection.connect(RealConnection.java:183)
	at okhttp3.internal.connection.ExchangeFinder.findConnection(ExchangeFinder.java:224)
	at okhttp3.internal.connection.ExchangeFinder.findHealthyConnection(ExchangeFinder.java:108)
	at okhttp3.internal.connection.ExchangeFinder.find(ExchangeFinder.java:88)
	at okhttp3.internal.connection.Transmitter.newExchange(Transmitter.java:169)
	at okhttp3.internal.connection.ConnectInterceptor.intercept(ConnectInterceptor.java:41)
	at okhttp3.internal.http.RealInterceptorChain.proceed(RealInterceptorChain.java:142)
	at okhttp3.internal.http.RealInterceptorChain.proceed(RealInterceptorChain.java:117)
	at okhttp3.internal.cache.CacheInterceptor.intercept(CacheInterceptor.java:94)
	at okhttp3.internal.http.RealInterceptorChain.proceed(RealInterceptorChain.java:142)
	at okhttp3.internal.http.RealInterceptorChain.proceed(RealInterceptorChain.java:117)
	at okhttp3.internal.http.BridgeInterceptor.intercept(BridgeInterceptor.java:93)
	at okhttp3.internal.http.RealInterceptorChain.proceed(RealInterceptorChain.java:142)
	at okhttp3.internal.http.RetryAndFollowUpInterceptor.intercept(RetryAndFollowUpInterceptor.java:88)
	at okhttp3.internal.http.RealInterceptorChain.proceed(RealInterceptorChain.java:142)
	at okhttp3.internal.http.RealInterceptorChain.proceed(RealInterceptorChain.java:117)
	at okhttp3.RealCall.getResponseWithInterceptorChain(RealCall.java:229)
	at okhttp3.RealCall.execute(RealCall.java:81)
	at com.mls.upload.client.util.HttpUtil.get(HttpUtil.java:76)
	at com.mls.upload.client.util.HttpUtil.get(HttpUtil.java:50)
	at com.mls.upload.client.service.AuthService.testConnection(AuthService.java:125)
	at com.mls.upload.client.integration.BusinessFlowIntegrationTest.testCompleteBusinessFlow(BusinessFlowIntegrationTest.java:41)
	at sun.reflect.NativeMethodAccessorImpl.invoke0(Native Method)
	at sun.reflect.NativeMethodAccessorImpl.invoke(NativeMethodAccessorImpl.java:62)
	at sun.reflect.DelegatingMethodAccessorImpl.invoke(DelegatingMethodAccessorImpl.java:43)
	at java.lang.reflect.Method.invoke(Method.java:498)
	at org.junit.runners.model.FrameworkMethod$1.runReflectiveCall(FrameworkMethod.java:59)
	at org.junit.internal.runners.model.ReflectiveCallable.run(ReflectiveCallable.java:12)
	at org.junit.runners.model.FrameworkMethod.invokeExplosively(FrameworkMethod.java:56)
	at org.junit.internal.runners.statements.InvokeMethod.evaluate(InvokeMethod.java:17)
	at org.junit.internal.runners.statements.RunBefores.evaluate(RunBefores.java:26)
	at org.junit.runners.ParentRunner$3.evaluate(ParentRunner.java:306)
	at org.junit.runners.BlockJUnit4ClassRunner$1.evaluate(BlockJUnit4ClassRunner.java:100)
	at org.junit.runners.ParentRunner.runLeaf(ParentRunner.java:366)
	at org.junit.runners.BlockJUnit4ClassRunner.runChild(BlockJUnit4ClassRunner.java:103)
	at org.junit.runners.BlockJUnit4ClassRunner.runChild(BlockJUnit4ClassRunner.java:63)
	at org.junit.runners.ParentRunner$4.run(ParentRunner.java:331)
	at org.junit.runners.ParentRunner$1.schedule(ParentRunner.java:79)
	at org.junit.runners.ParentRunner.runChildren(ParentRunner.java:329)
	at org.junit.runners.ParentRunner.access$100(ParentRunner.java:66)
	at org.junit.runners.ParentRunner$2.evaluate(ParentRunner.java:293)
	at org.junit.runners.ParentRunner$3.evaluate(ParentRunner.java:306)
	at org.junit.runners.ParentRunner.run(ParentRunner.java:413)
	at org.apache.maven.surefire.junit4.JUnit4Provider.execute(JUnit4Provider.java:365)
	at org.apache.maven.surefire.junit4.JUnit4Provider.executeWithRerun(JUnit4Provider.java:273)
	at org.apache.maven.surefire.junit4.JUnit4Provider.executeTestSet(JUnit4Provider.java:238)
	at org.apache.maven.surefire.junit4.JUnit4Provider.invoke(JUnit4Provider.java:159)
	at org.apache.maven.surefire.booter.ForkedBooter.invokeProviderInSameClassLoader(ForkedBooter.java:384)
	at org.apache.maven.surefire.booter.ForkedBooter.runSuitesInProcess(ForkedBooter.java:345)
	at org.apache.maven.surefire.booter.ForkedBooter.execute(ForkedBooter.java:126)
	at org.apache.maven.surefire.booter.ForkedBooter.main(ForkedBooter.java:418)
Caused by: java.net.ConnectException: Connection timed out: connect
	at java.net.DualStackPlainSocketImpl.waitForConnect(Native Method)
	at java.net.DualStackPlainSocketImpl.socketConnect(DualStackPlainSocketImpl.java:85)
	at java.net.AbstractPlainSocketImpl.doConnect(AbstractPlainSocketImpl.java:350)
	at java.net.AbstractPlainSocketImpl.connectToAddress(AbstractPlainSocketImpl.java:206)
	at java.net.AbstractPlainSocketImpl.connect(AbstractPlainSocketImpl.java:188)
	at java.net.PlainSocketImpl.connect(PlainSocketImpl.java:172)
	at java.net.SocksSocketImpl.connect(SocksSocketImpl.java:392)
	at java.net.Socket.connect(Socket.java:589)
	at okhttp3.internal.platform.Platform.connectSocket(Platform.java:130)
	at okhttp3.internal.connection.RealConnection.connectSocket(RealConnection.java:263)
	... 51 common frames omitted
2025-12-05 12:32:51.543 [main] INFO  com.mls.upload.client.service.AuthService - 服务器连接测试结果: 失败
2025-12-05 12:32:51.558 [main] INFO  c.m.u.c.i.ExportMatchedImagesIntegrationTest - 集成测试环境初始化完成，临时文件夹: C:\Users\asus\AppData\Local\Temp\integration_test_images590346366021306546
2025-12-05 12:32:51.558 [main] INFO  c.m.u.c.i.ExportMatchedImagesIntegrationTest - 开始测试文件名冲突处理
2025-12-05 12:32:51.560 [main] INFO  c.m.u.c.i.ExportMatchedImagesIntegrationTest - 开始复制 2 张匹配图片到: C:\Users\asus\AppData\Local\Temp\integration_test_images590346366021306546\conflict_test
2025-12-05 12:32:51.566 [main] DEBUG c.m.u.c.i.ExportMatchedImagesIntegrationTest - 复制成功: matched_image_1.jpg -> matched_image_1_1.jpg
2025-12-05 12:32:51.569 [main] DEBUG c.m.u.c.i.ExportMatchedImagesIntegrationTest - 复制成功: matched_image_2.png -> matched_image_2.png
2025-12-05 12:32:51.569 [main] INFO  c.m.u.c.i.ExportMatchedImagesIntegrationTest - 图片复制完成
2025-12-05 12:32:51.570 [main] INFO  c.m.u.c.i.ExportMatchedImagesIntegrationTest - 文件名冲突处理测试通过
2025-12-05 12:32:51.578 [main] INFO  c.m.u.c.i.ExportMatchedImagesIntegrationTest - 集成测试环境初始化完成，临时文件夹: C:\Users\asus\AppData\Local\Temp\integration_test_images8418166888800850933
2025-12-05 12:32:51.579 [main] INFO  c.m.u.c.i.ExportMatchedImagesIntegrationTest - 开始测试空匹配记录处理
2025-12-05 12:32:51.579 [main] INFO  c.m.u.c.i.ExportMatchedImagesIntegrationTest - 空匹配记录处理测试通过
2025-12-05 12:32:51.584 [main] INFO  c.m.u.c.i.ExportMatchedImagesIntegrationTest - 集成测试环境初始化完成，临时文件夹: C:\Users\asus\AppData\Local\Temp\integration_test_images2961403562305208234
2025-12-05 12:32:51.584 [main] INFO  c.m.u.c.i.ExportMatchedImagesIntegrationTest - 开始完整的导出匹配图片工作流测试
2025-12-05 12:32:51.601 [main] INFO  c.m.u.c.i.ExportMatchedImagesIntegrationTest - 开始复制 2 张匹配图片到: C:\Users\asus\AppData\Local\Temp\integration_test_images2961403562305208234\匹配图片_20251205_123251
2025-12-05 12:32:51.604 [main] DEBUG c.m.u.c.i.ExportMatchedImagesIntegrationTest - 复制成功: matched_image_1.jpg -> matched_image_1.jpg
2025-12-05 12:32:51.605 [main] DEBUG c.m.u.c.i.ExportMatchedImagesIntegrationTest - 复制成功: matched_image_2.png -> matched_image_2.png
2025-12-05 12:32:51.607 [main] INFO  c.m.u.c.i.ExportMatchedImagesIntegrationTest - 图片复制完成
2025-12-05 12:32:51.608 [main] INFO  c.m.u.c.i.ExportMatchedImagesIntegrationTest - 完整的导出匹配图片工作流测试通过
2025-12-05 12:32:51.614 [main] INFO  com.mls.upload.client.util.HttpUtil - HTTP工具类初始化完成，超时时间: 30000ms
2025-12-05 12:32:51.615 [main] INFO  com.mls.upload.client.service.AuthService - 认证服务初始化完成，服务器地址: http://192.168.0.79:8081
2025-12-05 12:32:51.615 [main] INFO  com.mls.upload.client.service.AuthService - 测试服务器连接: http://192.168.0.79:8081
2025-12-05 12:32:51.615 [main] DEBUG com.mls.upload.client.util.HttpUtil - 发送GET请求: http://192.168.0.79:8081/api/auth/health
2025-12-05 12:33:12.666 [main] ERROR com.mls.upload.client.util.HttpUtil - GET请求异常: url=http://192.168.0.79:8081/api/auth/health, error=Failed to connect to /192.168.0.79:8081
java.net.ConnectException: Failed to connect to /192.168.0.79:8081
	at okhttp3.internal.connection.RealConnection.connectSocket(RealConnection.java:265)
	at okhttp3.internal.connection.RealConnection.connect(RealConnection.java:183)
	at okhttp3.internal.connection.ExchangeFinder.findConnection(ExchangeFinder.java:224)
	at okhttp3.internal.connection.ExchangeFinder.findHealthyConnection(ExchangeFinder.java:108)
	at okhttp3.internal.connection.ExchangeFinder.find(ExchangeFinder.java:88)
	at okhttp3.internal.connection.Transmitter.newExchange(Transmitter.java:169)
	at okhttp3.internal.connection.ConnectInterceptor.intercept(ConnectInterceptor.java:41)
	at okhttp3.internal.http.RealInterceptorChain.proceed(RealInterceptorChain.java:142)
	at okhttp3.internal.http.RealInterceptorChain.proceed(RealInterceptorChain.java:117)
	at okhttp3.internal.cache.CacheInterceptor.intercept(CacheInterceptor.java:94)
	at okhttp3.internal.http.RealInterceptorChain.proceed(RealInterceptorChain.java:142)
	at okhttp3.internal.http.RealInterceptorChain.proceed(RealInterceptorChain.java:117)
	at okhttp3.internal.http.BridgeInterceptor.intercept(BridgeInterceptor.java:93)
	at okhttp3.internal.http.RealInterceptorChain.proceed(RealInterceptorChain.java:142)
	at okhttp3.internal.http.RetryAndFollowUpInterceptor.intercept(RetryAndFollowUpInterceptor.java:88)
	at okhttp3.internal.http.RealInterceptorChain.proceed(RealInterceptorChain.java:142)
	at okhttp3.internal.http.RealInterceptorChain.proceed(RealInterceptorChain.java:117)
	at okhttp3.RealCall.getResponseWithInterceptorChain(RealCall.java:229)
	at okhttp3.RealCall.execute(RealCall.java:81)
	at com.mls.upload.client.util.HttpUtil.get(HttpUtil.java:76)
	at com.mls.upload.client.util.HttpUtil.get(HttpUtil.java:50)
	at com.mls.upload.client.service.AuthService.testConnection(AuthService.java:125)
	at com.mls.upload.client.service.AuthServiceTest.testConnectionTest(AuthServiceTest.java:38)
	at sun.reflect.NativeMethodAccessorImpl.invoke0(Native Method)
	at sun.reflect.NativeMethodAccessorImpl.invoke(NativeMethodAccessorImpl.java:62)
	at sun.reflect.DelegatingMethodAccessorImpl.invoke(DelegatingMethodAccessorImpl.java:43)
	at java.lang.reflect.Method.invoke(Method.java:498)
	at org.junit.runners.model.FrameworkMethod$1.runReflectiveCall(FrameworkMethod.java:59)
	at org.junit.internal.runners.model.ReflectiveCallable.run(ReflectiveCallable.java:12)
	at org.junit.runners.model.FrameworkMethod.invokeExplosively(FrameworkMethod.java:56)
	at org.junit.internal.runners.statements.InvokeMethod.evaluate(InvokeMethod.java:17)
	at org.junit.internal.runners.statements.RunBefores.evaluate(RunBefores.java:26)
	at org.junit.runners.ParentRunner$3.evaluate(ParentRunner.java:306)
	at org.junit.runners.BlockJUnit4ClassRunner$1.evaluate(BlockJUnit4ClassRunner.java:100)
	at org.junit.runners.ParentRunner.runLeaf(ParentRunner.java:366)
	at org.junit.runners.BlockJUnit4ClassRunner.runChild(BlockJUnit4ClassRunner.java:103)
	at org.junit.runners.BlockJUnit4ClassRunner.runChild(BlockJUnit4ClassRunner.java:63)
	at org.junit.runners.ParentRunner$4.run(ParentRunner.java:331)
	at org.junit.runners.ParentRunner$1.schedule(ParentRunner.java:79)
	at org.junit.runners.ParentRunner.runChildren(ParentRunner.java:329)
	at org.junit.runners.ParentRunner.access$100(ParentRunner.java:66)
	at org.junit.runners.ParentRunner$2.evaluate(ParentRunner.java:293)
	at org.junit.runners.ParentRunner$3.evaluate(ParentRunner.java:306)
	at org.junit.runners.ParentRunner.run(ParentRunner.java:413)
	at org.apache.maven.surefire.junit4.JUnit4Provider.execute(JUnit4Provider.java:365)
	at org.apache.maven.surefire.junit4.JUnit4Provider.executeWithRerun(JUnit4Provider.java:273)
	at org.apache.maven.surefire.junit4.JUnit4Provider.executeTestSet(JUnit4Provider.java:238)
	at org.apache.maven.surefire.junit4.JUnit4Provider.invoke(JUnit4Provider.java:159)
	at org.apache.maven.surefire.booter.ForkedBooter.invokeProviderInSameClassLoader(ForkedBooter.java:384)
	at org.apache.maven.surefire.booter.ForkedBooter.runSuitesInProcess(ForkedBooter.java:345)
	at org.apache.maven.surefire.booter.ForkedBooter.execute(ForkedBooter.java:126)
	at org.apache.maven.surefire.booter.ForkedBooter.main(ForkedBooter.java:418)
Caused by: java.net.ConnectException: Connection timed out: connect
	at java.net.DualStackPlainSocketImpl.waitForConnect(Native Method)
	at java.net.DualStackPlainSocketImpl.socketConnect(DualStackPlainSocketImpl.java:85)
	at java.net.AbstractPlainSocketImpl.doConnect(AbstractPlainSocketImpl.java:350)
	at java.net.AbstractPlainSocketImpl.connectToAddress(AbstractPlainSocketImpl.java:206)
	at java.net.AbstractPlainSocketImpl.connect(AbstractPlainSocketImpl.java:188)
	at java.net.PlainSocketImpl.connect(PlainSocketImpl.java:172)
	at java.net.SocksSocketImpl.connect(SocksSocketImpl.java:392)
	at java.net.Socket.connect(Socket.java:589)
	at okhttp3.internal.platform.Platform.connectSocket(Platform.java:130)
	at okhttp3.internal.connection.RealConnection.connectSocket(RealConnection.java:263)
	... 51 common frames omitted
2025-12-05 12:33:12.666 [main] INFO  com.mls.upload.client.service.AuthService - 服务器连接测试结果: 失败
2025-12-05 12:33:12.666 [main] INFO  com.mls.upload.client.service.AuthServiceTest - 服务器连接测试结果: 失败
2025-12-05 12:33:12.670 [main] INFO  com.mls.upload.client.util.HttpUtil - HTTP工具类初始化完成，超时时间: 30000ms
2025-12-05 12:33:12.670 [main] INFO  com.mls.upload.client.service.AuthService - 认证服务初始化完成，服务器地址: http://192.168.0.79:8081
2025-12-05 12:33:12.670 [main] INFO  com.mls.upload.client.service.AuthServiceTest - 认证服务初始化测试通过
2025-12-05 12:33:12.672 [main] INFO  com.mls.upload.client.util.HttpUtil - HTTP工具类初始化完成，超时时间: 30000ms
2025-12-05 12:33:12.672 [main] INFO  com.mls.upload.client.service.AuthService - 认证服务初始化完成，服务器地址: http://192.168.0.79:8081
2025-12-05 12:33:12.672 [main] INFO  com.mls.upload.client.service.AuthService - 用户登出: username=null
2025-12-05 12:33:12.673 [main] INFO  com.mls.upload.client.service.AuthServiceTest - 登出功能测试通过
2025-12-05 12:33:12.674 [main] INFO  com.mls.upload.client.util.HttpUtil - HTTP工具类初始化完成，超时时间: 30000ms
2025-12-05 12:33:12.674 [main] INFO  com.mls.upload.client.service.AuthService - 认证服务初始化完成，服务器地址: http://192.168.0.79:8081
2025-12-05 12:33:12.674 [main] INFO  com.mls.upload.client.service.AuthService - 开始用户登录: username=invalid_user
2025-12-05 12:33:12.676 [main] DEBUG com.mls.upload.client.util.HttpUtil - 发送POST JSON请求: http://192.168.0.79:8081/api/auth/login
2025-12-05 12:33:33.748 [main] ERROR com.mls.upload.client.util.HttpUtil - POST JSON请求异常: url=http://192.168.0.79:8081/api/auth/login, error=Failed to connect to /192.168.0.79:8081
java.net.ConnectException: Failed to connect to /192.168.0.79:8081
	at okhttp3.internal.connection.RealConnection.connectSocket(RealConnection.java:265)
	at okhttp3.internal.connection.RealConnection.connect(RealConnection.java:183)
	at okhttp3.internal.connection.ExchangeFinder.findConnection(ExchangeFinder.java:224)
	at okhttp3.internal.connection.ExchangeFinder.findHealthyConnection(ExchangeFinder.java:108)
	at okhttp3.internal.connection.ExchangeFinder.find(ExchangeFinder.java:88)
	at okhttp3.internal.connection.Transmitter.newExchange(Transmitter.java:169)
	at okhttp3.internal.connection.ConnectInterceptor.intercept(ConnectInterceptor.java:41)
	at okhttp3.internal.http.RealInterceptorChain.proceed(RealInterceptorChain.java:142)
	at okhttp3.internal.http.RealInterceptorChain.proceed(RealInterceptorChain.java:117)
	at okhttp3.internal.cache.CacheInterceptor.intercept(CacheInterceptor.java:94)
	at okhttp3.internal.http.RealInterceptorChain.proceed(RealInterceptorChain.java:142)
	at okhttp3.internal.http.RealInterceptorChain.proceed(RealInterceptorChain.java:117)
	at okhttp3.internal.http.BridgeInterceptor.intercept(BridgeInterceptor.java:93)
	at okhttp3.internal.http.RealInterceptorChain.proceed(RealInterceptorChain.java:142)
	at okhttp3.internal.http.RetryAndFollowUpInterceptor.intercept(RetryAndFollowUpInterceptor.java:88)
	at okhttp3.internal.http.RealInterceptorChain.proceed(RealInterceptorChain.java:142)
	at okhttp3.internal.http.RealInterceptorChain.proceed(RealInterceptorChain.java:117)
	at okhttp3.RealCall.getResponseWithInterceptorChain(RealCall.java:229)
	at okhttp3.RealCall.execute(RealCall.java:81)
	at com.mls.upload.client.util.HttpUtil.postJson(HttpUtil.java:134)
	at com.mls.upload.client.util.HttpUtil.postJson(HttpUtil.java:102)
	at com.mls.upload.client.service.AuthService.login(AuthService.java:52)
	at com.mls.upload.client.service.AuthServiceTest.testLoginWithInvalidCredentials(AuthServiceTest.java:48)
	at sun.reflect.NativeMethodAccessorImpl.invoke0(Native Method)
	at sun.reflect.NativeMethodAccessorImpl.invoke(NativeMethodAccessorImpl.java:62)
	at sun.reflect.DelegatingMethodAccessorImpl.invoke(DelegatingMethodAccessorImpl.java:43)
	at java.lang.reflect.Method.invoke(Method.java:498)
	at org.junit.runners.model.FrameworkMethod$1.runReflectiveCall(FrameworkMethod.java:59)
	at org.junit.internal.runners.model.ReflectiveCallable.run(ReflectiveCallable.java:12)
	at org.junit.runners.model.FrameworkMethod.invokeExplosively(FrameworkMethod.java:56)
	at org.junit.internal.runners.statements.InvokeMethod.evaluate(InvokeMethod.java:17)
	at org.junit.internal.runners.statements.RunBefores.evaluate(RunBefores.java:26)
	at org.junit.runners.ParentRunner$3.evaluate(ParentRunner.java:306)
	at org.junit.runners.BlockJUnit4ClassRunner$1.evaluate(BlockJUnit4ClassRunner.java:100)
	at org.junit.runners.ParentRunner.runLeaf(ParentRunner.java:366)
	at org.junit.runners.BlockJUnit4ClassRunner.runChild(BlockJUnit4ClassRunner.java:103)
	at org.junit.runners.BlockJUnit4ClassRunner.runChild(BlockJUnit4ClassRunner.java:63)
	at org.junit.runners.ParentRunner$4.run(ParentRunner.java:331)
	at org.junit.runners.ParentRunner$1.schedule(ParentRunner.java:79)
	at org.junit.runners.ParentRunner.runChildren(ParentRunner.java:329)
	at org.junit.runners.ParentRunner.access$100(ParentRunner.java:66)
	at org.junit.runners.ParentRunner$2.evaluate(ParentRunner.java:293)
	at org.junit.runners.ParentRunner$3.evaluate(ParentRunner.java:306)
	at org.junit.runners.ParentRunner.run(ParentRunner.java:413)
	at org.apache.maven.surefire.junit4.JUnit4Provider.execute(JUnit4Provider.java:365)
	at org.apache.maven.surefire.junit4.JUnit4Provider.executeWithRerun(JUnit4Provider.java:273)
	at org.apache.maven.surefire.junit4.JUnit4Provider.executeTestSet(JUnit4Provider.java:238)
	at org.apache.maven.surefire.junit4.JUnit4Provider.invoke(JUnit4Provider.java:159)
	at org.apache.maven.surefire.booter.ForkedBooter.invokeProviderInSameClassLoader(ForkedBooter.java:384)
	at org.apache.maven.surefire.booter.ForkedBooter.runSuitesInProcess(ForkedBooter.java:345)
	at org.apache.maven.surefire.booter.ForkedBooter.execute(ForkedBooter.java:126)
	at org.apache.maven.surefire.booter.ForkedBooter.main(ForkedBooter.java:418)
Caused by: java.net.ConnectException: Connection timed out: connect
	at java.net.DualStackPlainSocketImpl.waitForConnect(Native Method)
	at java.net.DualStackPlainSocketImpl.socketConnect(DualStackPlainSocketImpl.java:85)
	at java.net.AbstractPlainSocketImpl.doConnect(AbstractPlainSocketImpl.java:350)
	at java.net.AbstractPlainSocketImpl.connectToAddress(AbstractPlainSocketImpl.java:206)
	at java.net.AbstractPlainSocketImpl.connect(AbstractPlainSocketImpl.java:188)
	at java.net.PlainSocketImpl.connect(PlainSocketImpl.java:172)
	at java.net.SocksSocketImpl.connect(SocksSocketImpl.java:392)
	at java.net.Socket.connect(Socket.java:589)
	at okhttp3.internal.platform.Platform.connectSocket(Platform.java:130)
	at okhttp3.internal.connection.RealConnection.connectSocket(RealConnection.java:263)
	... 51 common frames omitted
2025-12-05 12:33:33.749 [main] WARN  com.mls.upload.client.service.AuthService - 用户登录失败: username=invalid_user, message=网络请求异常: Failed to connect to /192.168.0.79:8081
2025-12-05 12:33:33.749 [main] INFO  com.mls.upload.client.service.AuthServiceTest - 无效凭据登录测试通过
2025-12-05 12:33:33.760 [main] INFO  com.mls.upload.client.service.CredentialManager - 已清除所有保存的用户凭据
2025-12-05 12:33:33.760 [main] INFO  com.mls.upload.client.service.CredentialManager - 保存用户凭据: username=测试用户, rememberPassword=true
2025-12-05 12:33:33.803 [main] DEBUG com.mls.upload.client.service.CredentialManager - 生成新的加密密钥
2025-12-05 12:33:33.809 [main] INFO  com.mls.upload.client.service.CredentialManager - 用户凭据保存成功: username=测试用户
2025-12-05 12:33:33.811 [main] INFO  com.mls.upload.client.service.CredentialManager - 成功读取保存的用户凭据: username=测试用户
2025-12-05 12:33:33.814 [main] INFO  com.mls.upload.client.service.CredentialManager - 已清除所有保存的用户凭据
2025-12-05 12:33:33.815 [main] INFO  com.mls.upload.client.service.CredentialManager - 已清除所有保存的用户凭据
2025-12-05 12:33:33.815 [main] INFO  com.mls.upload.client.service.CredentialManager - 保存用户凭据: username=testuser, rememberPassword=false
2025-12-05 12:33:33.815 [main] INFO  com.mls.upload.client.service.CredentialManager - 已清除所有保存的用户凭据
2025-12-05 12:33:33.816 [main] INFO  com.mls.upload.client.service.CredentialManager - 已清除保存的用户凭据
2025-12-05 12:33:33.816 [main] DEBUG com.mls.upload.client.service.CredentialManager - 用户选择不记住密码
2025-12-05 12:33:33.816 [main] INFO  com.mls.upload.client.service.CredentialManager - 已清除所有保存的用户凭据
2025-12-05 12:33:33.817 [main] INFO  com.mls.upload.client.service.CredentialManager - 已清除所有保存的用户凭据
2025-12-05 12:33:33.817 [main] INFO  com.mls.upload.client.service.CredentialManager - 保存用户凭据: username=user1, rememberPassword=true
2025-12-05 12:33:33.819 [main] DEBUG com.mls.upload.client.service.CredentialManager - 生成新的加密密钥
2025-12-05 12:33:33.820 [main] INFO  com.mls.upload.client.service.CredentialManager - 用户凭据保存成功: username=user1
2025-12-05 12:33:33.822 [main] INFO  com.mls.upload.client.service.CredentialManager - 成功读取保存的用户凭据: username=user1
2025-12-05 12:33:33.822 [main] INFO  com.mls.upload.client.service.CredentialManager - 保存用户凭据: username=user2, rememberPassword=true
2025-12-05 12:33:33.823 [main] INFO  com.mls.upload.client.service.CredentialManager - 用户凭据保存成功: username=user2
2025-12-05 12:33:33.824 [main] INFO  com.mls.upload.client.service.CredentialManager - 成功读取保存的用户凭据: username=user2
2025-12-05 12:33:33.826 [main] INFO  com.mls.upload.client.service.CredentialManager - 已清除所有保存的用户凭据
2025-12-05 12:33:33.826 [main] INFO  com.mls.upload.client.service.CredentialManager - 已清除所有保存的用户凭据
2025-12-05 12:33:33.827 [main] INFO  com.mls.upload.client.service.CredentialManager - 保存用户凭据: username=testuser, rememberPassword=true
2025-12-05 12:33:33.828 [main] DEBUG com.mls.upload.client.service.CredentialManager - 生成新的加密密钥
2025-12-05 12:33:33.829 [main] INFO  com.mls.upload.client.service.CredentialManager - 用户凭据保存成功: username=testuser
2025-12-05 12:33:33.830 [main] INFO  com.mls.upload.client.service.CredentialManager - 成功读取保存的用户凭据: username=testuser
2025-12-05 12:33:33.831 [main] INFO  com.mls.upload.client.service.CredentialManager - 已清除所有保存的用户凭据
2025-12-05 12:33:33.832 [main] INFO  com.mls.upload.client.service.CredentialManager - 已清除所有保存的用户凭据
2025-12-05 12:33:33.832 [main] INFO  com.mls.upload.client.service.CredentialManager - 保存用户凭据: username=, rememberPassword=true
2025-12-05 12:33:33.833 [main] INFO  com.mls.upload.client.service.CredentialManager - 已清除所有保存的用户凭据
2025-12-05 12:33:33.834 [main] INFO  com.mls.upload.client.service.CredentialManager - 已清除保存的用户凭据
2025-12-05 12:33:33.834 [main] DEBUG com.mls.upload.client.service.CredentialManager - 用户选择不记住密码
2025-12-05 12:33:33.834 [main] INFO  com.mls.upload.client.service.CredentialManager - 已清除所有保存的用户凭据
2025-12-05 12:33:33.834 [main] INFO  com.mls.upload.client.service.CredentialManager - 已清除所有保存的用户凭据
2025-12-05 12:33:33.835 [main] INFO  com.mls.upload.client.service.CredentialManager - 保存用户凭据: username=null, rememberPassword=true
2025-12-05 12:33:33.836 [main] INFO  com.mls.upload.client.service.CredentialManager - 已清除所有保存的用户凭据
2025-12-05 12:33:33.836 [main] INFO  com.mls.upload.client.service.CredentialManager - 已清除保存的用户凭据
2025-12-05 12:33:33.836 [main] DEBUG com.mls.upload.client.service.CredentialManager - 用户选择不记住密码
2025-12-05 12:33:33.837 [main] INFO  com.mls.upload.client.service.CredentialManager - 已清除所有保存的用户凭据
2025-12-05 12:33:33.837 [main] INFO  com.mls.upload.client.service.CredentialManager - 已清除所有保存的用户凭据
2025-12-05 12:33:33.837 [main] INFO  com.mls.upload.client.service.CredentialManager - 保存用户凭据: username=testuser, rememberPassword=true
2025-12-05 12:33:33.839 [main] DEBUG com.mls.upload.client.service.CredentialManager - 生成新的加密密钥
2025-12-05 12:33:33.839 [main] INFO  com.mls.upload.client.service.CredentialManager - 用户凭据保存成功: username=testuser
2025-12-05 12:33:33.841 [main] INFO  com.mls.upload.client.service.CredentialManager - 成功读取保存的用户凭据: username=testuser
2025-12-05 12:33:33.842 [main] INFO  com.mls.upload.client.service.CredentialManager - 已清除所有保存的用户凭据
2025-12-05 12:33:33.843 [main] INFO  com.mls.upload.client.service.CredentialManager - 已清除所有保存的用户凭据
2025-12-05 12:33:33.843 [main] INFO  com.mls.upload.client.service.CredentialManager - 保存用户凭据: username=testuser, rememberPassword=true
2025-12-05 12:33:33.845 [main] DEBUG com.mls.upload.client.service.CredentialManager - 生成新的加密密钥
2025-12-05 12:33:33.845 [main] INFO  com.mls.upload.client.service.CredentialManager - 用户凭据保存成功: username=testuser
2025-12-05 12:33:33.847 [main] INFO  com.mls.upload.client.service.CredentialManager - 已清除所有保存的用户凭据
2025-12-05 12:33:33.847 [main] DEBUG com.mls.upload.client.service.CredentialManager - 用户选择不记住密码
2025-12-05 12:33:33.848 [main] INFO  com.mls.upload.client.service.CredentialManager - 已清除所有保存的用户凭据
2025-12-05 12:33:33.848 [main] INFO  com.mls.upload.client.service.CredentialManager - 已清除所有保存的用户凭据
2025-12-05 12:33:33.848 [main] INFO  com.mls.upload.client.service.CredentialManager - 保存用户凭据: username=testuser, rememberPassword=true
2025-12-05 12:33:33.850 [main] DEBUG com.mls.upload.client.service.CredentialManager - 生成新的加密密钥
2025-12-05 12:33:33.850 [main] INFO  com.mls.upload.client.service.CredentialManager - 用户凭据保存成功: username=testuser
2025-12-05 12:33:33.852 [main] INFO  com.mls.upload.client.service.CredentialManager - 成功读取保存的用户凭据: username=testuser
2025-12-05 12:33:33.853 [main] INFO  com.mls.upload.client.service.CredentialManager - 已清除所有保存的用户凭据
2025-12-05 12:33:34.445 [main] INFO  com.mls.upload.client.service.ExcelService - 开始解析Excel文件为行数据列表（支持重复商品编号）: C:\Users\asus\AppData\Local\Temp\excel_test_1764909213855\test_duplicate_products.xlsx
2025-12-05 12:33:34.537 [main] DEBUG com.mls.upload.client.service.ExcelService - Excel表头解析完成，列映射: {面料=3, SO日期=7, 工厂编号=9, 备注=13, 商品编号=0, 描稿公司=11, 排序=15, 订单号=2, 套数=6, 市场=5, 理单员=14, 工厂=10, 客户名=4, 描稿人员=12, 分类=1, 大货日期=8}
2025-12-05 12:33:34.540 [main] INFO  com.mls.upload.client.service.ExcelService - Excel文件解析为行数据列表完成: 文件=C:\Users\asus\AppData\Local\Temp\excel_test_1764909213855\test_duplicate_products.xlsx, 行数据数=5
2025-12-05 12:33:34.542 [main] INFO  com.mls.upload.client.service.ExcelColumnWidthTest - 开始测试Excel列宽调整功能
2025-12-05 12:33:34.542 [main] INFO  com.mls.upload.client.service.ExcelService - 开始导出失败记录到Excel文件: target/test-column-width.xlsx, 失败记录数: 2
2025-12-05 12:33:34.569 [main] DEBUG com.mls.upload.client.service.ExcelService - 开始调整Excel列宽，列数: 16
2025-12-05 12:33:34.831 [main] DEBUG com.mls.upload.client.service.ExcelService - 列 0 (商品编号) 宽度设置: 当前=7172, 标题=1228, 最小=3072, 数据=5632, 最终=8606
2025-12-05 12:33:34.833 [main] DEBUG com.mls.upload.client.service.ExcelService - 列 1 (分类) 宽度设置: 当前=1162, 标题=614, 最小=2048, 数据=768, 最终=2457
2025-12-05 12:33:34.836 [main] DEBUG com.mls.upload.client.service.ExcelService - 列 2 (订单号) 宽度设置: 当前=4441, 标题=921, 最小=3840, 数据=3584, 最终=5329
2025-12-05 12:33:34.837 [main] DEBUG com.mls.upload.client.service.ExcelService - 列 3 (面料) 宽度设置: 当前=1407, 标题=614, 最小=2560, 数据=1024, 最终=3072
2025-12-05 12:33:34.839 [main] DEBUG com.mls.upload.client.service.ExcelService - 列 4 (客户名) 宽度设置: 当前=1978, 标题=921, 最小=3072, 数据=1536, 最终=3686
2025-12-05 12:33:34.841 [main] DEBUG com.mls.upload.client.service.ExcelService - 列 5 (市场) 宽度设置: 当前=1714, 标题=614, 最小=2048, 数据=1280, 最终=2457
2025-12-05 12:33:34.845 [main] DEBUG com.mls.upload.client.service.ExcelService - 列 6 (套数) 宽度设置: 当前=1122, 标题=614, 最小=1536, 数据=768, 最终=1843
2025-12-05 12:33:34.848 [main] DEBUG com.mls.upload.client.service.ExcelService - 列 7 (SO日期) 宽度设置: 当前=2894, 标题=1228, 最小=3072, 数据=2560, 最终=3686
2025-12-05 12:33:34.850 [main] DEBUG com.mls.upload.client.service.ExcelService - 列 8 (大货日期) 宽度设置: 当前=2894, 标题=1228, 最小=3072, 数据=2560, 最终=3686
2025-12-05 12:33:34.852 [main] DEBUG com.mls.upload.client.service.ExcelService - 列 9 (工厂编号) 宽度设置: 当前=7033, 标题=1228, 最小=3072, 数据=5632, 最终=8439
2025-12-05 12:33:34.854 [main] DEBUG com.mls.upload.client.service.ExcelService - 列 10 (工厂) 宽度设置: 当前=3120, 标题=614, 最小=3840, 数据=2560, 最终=4608
2025-12-05 12:33:34.856 [main] DEBUG com.mls.upload.client.service.ExcelService - 列 11 (描稿公司) 宽度设置: 当前=3426, 标题=1228, 最小=3072, 数据=2816, 最终=4111
2025-12-05 12:33:34.858 [main] DEBUG com.mls.upload.client.service.ExcelService - 列 12 (描稿人员) 宽度设置: 当前=1540, 标题=1228, 最小=2560, 数据=1024, 最终=3072
2025-12-05 12:33:34.859 [main] DEBUG com.mls.upload.client.service.ExcelService - 列 13 (备注) 宽度设置: 当前=8258, 标题=614, 最小=5120, 数据=7168, 最终=9909
2025-12-05 12:33:34.861 [main] DEBUG com.mls.upload.client.service.ExcelService - 列 14 (理单员) 宽度设置: 当前=2570, 标题=921, 最小=2560, 数据=2048, 最终=3084
2025-12-05 12:33:34.863 [main] DEBUG com.mls.upload.client.service.ExcelService - 列 15 (排序) 宽度设置: 当前=917, 标题=614, 最小=2048, 数据=256, 最终=2457
2025-12-05 12:33:34.863 [main] DEBUG com.mls.upload.client.service.ExcelService - Excel列宽调整完成
2025-12-05 12:33:34.880 [main] INFO  com.mls.upload.client.service.ExcelService - 失败记录导出完成: 文件=target/test-column-width.xlsx, 记录数=2
2025-12-05 12:33:34.926 [main] DEBUG com.mls.upload.client.service.ExcelColumnWidthTest - 列 0 (商品编号) 宽度: 8606 (33个字符)
2025-12-05 12:33:34.926 [main] DEBUG com.mls.upload.client.service.ExcelColumnWidthTest - 列 1 (分类) 宽度: 2457 (9个字符)
2025-12-05 12:33:34.926 [main] DEBUG com.mls.upload.client.service.ExcelColumnWidthTest - 列 2 (订单号) 宽度: 5329 (20个字符)
2025-12-05 12:33:34.927 [main] DEBUG com.mls.upload.client.service.ExcelColumnWidthTest - 列 3 (面料) 宽度: 3072 (12个字符)
2025-12-05 12:33:34.927 [main] DEBUG com.mls.upload.client.service.ExcelColumnWidthTest - 列 4 (客户名) 宽度: 3686 (14个字符)
2025-12-05 12:33:34.927 [main] DEBUG com.mls.upload.client.service.ExcelColumnWidthTest - 列 5 (市场) 宽度: 2457 (9个字符)
2025-12-05 12:33:34.927 [main] DEBUG com.mls.upload.client.service.ExcelColumnWidthTest - 列 6 (套数) 宽度: 1843 (7个字符)
2025-12-05 12:33:34.929 [main] DEBUG com.mls.upload.client.service.ExcelColumnWidthTest - 列 7 (SO日期) 宽度: 3686 (14个字符)
2025-12-05 12:33:34.929 [main] DEBUG com.mls.upload.client.service.ExcelColumnWidthTest - 列 8 (大货日期) 宽度: 3686 (14个字符)
2025-12-05 12:33:34.929 [main] DEBUG com.mls.upload.client.service.ExcelColumnWidthTest - 列 9 (工厂编号) 宽度: 8439 (32个字符)
2025-12-05 12:33:34.929 [main] DEBUG com.mls.upload.client.service.ExcelColumnWidthTest - 列 10 (工厂) 宽度: 4608 (18个字符)
2025-12-05 12:33:34.929 [main] DEBUG com.mls.upload.client.service.ExcelColumnWidthTest - 列 11 (描稿公司) 宽度: 4111 (16个字符)
2025-12-05 12:33:34.929 [main] DEBUG com.mls.upload.client.service.ExcelColumnWidthTest - 列 12 (描稿人员) 宽度: 3072 (12个字符)
2025-12-05 12:33:34.929 [main] DEBUG com.mls.upload.client.service.ExcelColumnWidthTest - 列 13 (备注) 宽度: 9909 (38个字符)
2025-12-05 12:33:34.930 [main] DEBUG com.mls.upload.client.service.ExcelColumnWidthTest - 列 14 (理单员) 宽度: 3084 (12个字符)
2025-12-05 12:33:34.930 [main] DEBUG com.mls.upload.client.service.ExcelColumnWidthTest - 列 15 (排序) 宽度: 2457 (9个字符)
2025-12-05 12:33:34.930 [main] INFO  com.mls.upload.client.service.ExcelColumnWidthTest - Excel列宽调整功能测试通过
2025-12-05 12:33:34.933 [main] INFO  com.mls.upload.client.service.ExcelServiceTest - 空路径验证测试通过
2025-12-05 12:33:34.933 [main] ERROR com.mls.upload.client.service.ExcelService - Excel文件验证失败: non_existent_file.xlsx (系统找不到指定的文件。)
java.io.FileNotFoundException: non_existent_file.xlsx (系统找不到指定的文件。)
	at java.io.FileInputStream.open0(Native Method)
	at java.io.FileInputStream.open(FileInputStream.java:195)
	at java.io.FileInputStream.<init>(FileInputStream.java:138)
	at java.io.FileInputStream.<init>(FileInputStream.java:93)
	at com.mls.upload.client.service.ExcelService.validateExcelFile(ExcelService.java:508)
	at com.mls.upload.client.service.ExcelServiceTest.testValidateExcelFileWithNonExistentFile(ExcelServiceTest.java:56)
	at sun.reflect.NativeMethodAccessorImpl.invoke0(Native Method)
	at sun.reflect.NativeMethodAccessorImpl.invoke(NativeMethodAccessorImpl.java:62)
	at sun.reflect.DelegatingMethodAccessorImpl.invoke(DelegatingMethodAccessorImpl.java:43)
	at java.lang.reflect.Method.invoke(Method.java:498)
	at org.junit.runners.model.FrameworkMethod$1.runReflectiveCall(FrameworkMethod.java:59)
	at org.junit.internal.runners.model.ReflectiveCallable.run(ReflectiveCallable.java:12)
	at org.junit.runners.model.FrameworkMethod.invokeExplosively(FrameworkMethod.java:56)
	at org.junit.internal.runners.statements.InvokeMethod.evaluate(InvokeMethod.java:17)
	at org.junit.internal.runners.statements.RunBefores.evaluate(RunBefores.java:26)
	at org.junit.runners.ParentRunner$3.evaluate(ParentRunner.java:306)
	at org.junit.runners.BlockJUnit4ClassRunner$1.evaluate(BlockJUnit4ClassRunner.java:100)
	at org.junit.runners.ParentRunner.runLeaf(ParentRunner.java:366)
	at org.junit.runners.BlockJUnit4ClassRunner.runChild(BlockJUnit4ClassRunner.java:103)
	at org.junit.runners.BlockJUnit4ClassRunner.runChild(BlockJUnit4ClassRunner.java:63)
	at org.junit.runners.ParentRunner$4.run(ParentRunner.java:331)
	at org.junit.runners.ParentRunner$1.schedule(ParentRunner.java:79)
	at org.junit.runners.ParentRunner.runChildren(ParentRunner.java:329)
	at org.junit.runners.ParentRunner.access$100(ParentRunner.java:66)
	at org.junit.runners.ParentRunner$2.evaluate(ParentRunner.java:293)
	at org.junit.runners.ParentRunner$3.evaluate(ParentRunner.java:306)
	at org.junit.runners.ParentRunner.run(ParentRunner.java:413)
	at org.apache.maven.surefire.junit4.JUnit4Provider.execute(JUnit4Provider.java:365)
	at org.apache.maven.surefire.junit4.JUnit4Provider.executeWithRerun(JUnit4Provider.java:273)
	at org.apache.maven.surefire.junit4.JUnit4Provider.executeTestSet(JUnit4Provider.java:238)
	at org.apache.maven.surefire.junit4.JUnit4Provider.invoke(JUnit4Provider.java:159)
	at org.apache.maven.surefire.booter.ForkedBooter.invokeProviderInSameClassLoader(ForkedBooter.java:384)
	at org.apache.maven.surefire.booter.ForkedBooter.runSuitesInProcess(ForkedBooter.java:345)
	at org.apache.maven.surefire.booter.ForkedBooter.execute(ForkedBooter.java:126)
	at org.apache.maven.surefire.booter.ForkedBooter.main(ForkedBooter.java:418)
2025-12-05 12:33:34.933 [main] INFO  com.mls.upload.client.service.ExcelServiceTest - 不存在文件验证测试通过
2025-12-05 12:33:34.934 [main] INFO  com.mls.upload.client.service.ExcelServiceTest - 空字符串路径验证测试通过
2025-12-05 12:33:34.934 [main] INFO  com.mls.upload.client.service.ExcelService - 开始解析Excel文件: 
2025-12-05 12:33:34.934 [main] INFO  com.mls.upload.client.service.ExcelServiceTest - 空字符串路径解析测试通过: Excel文件路径不能为空
2025-12-05 12:33:34.934 [main] INFO  com.mls.upload.client.service.ExcelService - 开始解析Excel文件: test.txt
2025-12-05 12:33:34.934 [main] INFO  com.mls.upload.client.service.ExcelServiceTest - 无效扩展名解析测试通过: 不支持的文件格式，仅支持.xlsx和.xls文件
2025-12-05 12:33:34.934 [main] INFO  com.mls.upload.client.service.ExcelServiceTest - 无效扩展名验证测试通过
2025-12-05 12:33:34.935 [main] INFO  com.mls.upload.client.service.ExcelService - 开始解析Excel文件: null
2025-12-05 12:33:34.935 [main] INFO  com.mls.upload.client.service.ExcelServiceTest - 空路径解析测试通过: Excel文件路径不能为空
2025-12-05 12:33:34.935 [main] INFO  com.mls.upload.client.service.ExcelServiceTest - Excel服务初始化测试通过
2025-12-05 12:33:34.938 [main] DEBUG com.mls.upload.client.service.LogService - Excel标题行提取完成: 列数=16
2025-12-05 12:33:34.938 [main] INFO  com.mls.upload.client.service.LogService - 没有日志条目可筛选
2025-12-05 12:33:34.940 [main] INFO  com.mls.upload.client.service.LogService - 筛选失败记录完成: 总记录数=5, 失败记录数=4 (上传失败: 1, 比对失败: 3)
2025-12-05 12:33:34.942 [main] INFO  com.mls.upload.client.service.LogService - 没有日志条目可筛选
2025-12-05 12:33:34.949 [main] INFO  c.m.upload.client.service.ExportMatchedImagesTest - 开始测试目标文件夹创建功能
2025-12-05 12:33:34.950 [main] INFO  c.m.upload.client.service.ExportMatchedImagesTest - 目标文件夹创建功能测试通过
2025-12-05 12:33:34.952 [main] INFO  c.m.upload.client.service.ExportMatchedImagesTest - 开始测试图片文件存在性检查
2025-12-05 12:33:34.954 [main] INFO  c.m.upload.client.service.ExportMatchedImagesTest - 图片文件存在性检查测试通过
2025-12-05 12:33:34.957 [main] INFO  c.m.upload.client.service.ExportMatchedImagesTest - 开始测试匹配记录筛选功能
2025-12-05 12:33:34.958 [main] INFO  c.m.upload.client.service.ExportMatchedImagesTest - 匹配记录筛选测试通过
