2025-11-03 14:40:13.811 [main] INFO  com.mls.upload.client.UploadClientApplication - 启动木林森图片上传客户端应用程序
2025-11-03 14:40:13.812 [main] DEBUG com.mls.upload.client.UploadClientApplication - 系统属性已设置，准备启动JavaFX应用程序
2025-11-03 14:40:13.829 [JavaFX Application Thread] INFO  com.mls.upload.client.UploadClientApplication - 正在启动木林森图片上传客户端...
2025-11-03 14:40:14.134 [JavaFX Application Thread] INFO  com.mls.upload.client.controller.MainController - 初始化主界面控制器
2025-11-03 14:40:14.165 [JavaFX Application Thread] INFO  com.mls.upload.client.util.ConfigUtil - 配置文件加载成功: application.properties
2025-11-03 14:40:15.710 [JavaFX Application Thread] INFO  com.mls.upload.client.util.HttpUtil - HTTP工具类初始化完成，超时时间: 30000ms
2025-11-03 14:40:15.711 [JavaFX Application Thread] INFO  com.mls.upload.client.service.AuthService - 认证服务初始化完成，服务器地址: http://192.168.0.200:8081
2025-11-03 14:40:15.716 [JavaFX Application Thread] INFO  com.mls.upload.client.util.HttpUtil - HTTP工具类初始化完成，超时时间: 30000ms
2025-11-03 14:40:15.717 [JavaFX Application Thread] INFO  com.mls.upload.client.service.FileUploadService - 文件上传服务初始化完成，线程池大小: 5
2025-11-03 14:40:15.730 [JavaFX Application Thread] INFO  com.mls.upload.client.controller.MainController - 服务类初始化完成
2025-11-03 14:40:15.738 [JavaFX Application Thread] INFO  com.mls.upload.client.controller.MainController - 界面组件初始化完成
2025-11-03 14:40:15.739 [JavaFX Application Thread] DEBUG com.mls.upload.client.service.CredentialManager - 用户选择不记住密码
2025-11-03 14:40:15.739 [JavaFX Application Thread] DEBUG com.mls.upload.client.controller.MainController - 没有找到保存的用户凭据
2025-11-03 14:40:15.740 [JavaFX Application Thread] INFO  com.mls.upload.client.controller.MainController - 主界面控制器初始化完成
2025-11-03 14:40:15.822 [JavaFX Application Thread] DEBUG com.mls.upload.client.UploadClientApplication - 成功加载图标: /icons/icon_16x16.png
2025-11-03 14:40:15.823 [JavaFX Application Thread] DEBUG com.mls.upload.client.UploadClientApplication - 成功加载图标: /icons/icon_32x32.png
2025-11-03 14:40:15.825 [JavaFX Application Thread] DEBUG com.mls.upload.client.UploadClientApplication - 成功加载图标: /icons/icon_48x48.png
2025-11-03 14:40:15.827 [JavaFX Application Thread] DEBUG com.mls.upload.client.UploadClientApplication - 成功加载图标: /icons/icon_64x64.png
2025-11-03 14:40:15.827 [JavaFX Application Thread] INFO  com.mls.upload.client.UploadClientApplication - 应用程序图标设置成功，共加载 4 个尺寸
2025-11-03 14:40:16.183 [JavaFX Application Thread] INFO  com.mls.upload.client.UploadClientApplication - 客户端启动成功
2025-11-03 14:45:09.907 [JavaFX Application Thread] INFO  com.mls.upload.client.UploadClientApplication - 正在关闭客户端应用程序...
2025-11-03 14:45:09.908 [JavaFX Application Thread] INFO  com.mls.upload.client.UploadClientApplication - 客户端应用程序已关闭
